Executing program ...
WARNING: Casting depth data to np.float32
WARNING: Trying to initialize a shared grid with different chunking sizes - action prohibited. Replacing requested field_chunksize with grid's master chunksize.
INFO: Compiled GalapagosParticleAdvectionRK4Age ==> /scratch-local/sypmauu.8029059/parcels-51179/dabc60be798186973114d72e9074ef04_0.so
Traceback (most recent call last):
  File "galapagosrun_bwd_4km_2008_v2.py", line 84, in <module>
    recovery={ErrorCode.ErrorOutOfBounds: DeleteParticle})
  File "/home/sypmauu/parcels/parcels/particleset.py", line 622, in execute
    next_input = self.fieldset.computeTimeChunk(time, np.sign(dt))
  File "/home/sypmauu/parcels/parcels/fieldset.py", line 896, in computeTimeChunk
    data = f.computeTimeChunk(data, tind)
  File "/home/sypmauu/parcels/parcels/field.py", line 1223, in computeTimeChunk
    buffer_data = filebuffer.data
  File "/home/sypmauu/parcels/parcels/field.py", line 2017, in data
    return self.data_access()
  File "/home/sypmauu/parcels/parcels/field.py", line 2107, in data_access
    data = data.rechunk(self.chunk_mapping)
  File "/home/sypmauu/.conda/envs/py3_parcels/lib/python3.7/site-packages/dask/array/core.py", line 2197, in rechunk
    return rechunk(self, chunks, threshold, block_size_limit)
  File "/home/sypmauu/.conda/envs/py3_parcels/lib/python3.7/site-packages/dask/array/rechunk.py", line 230, in rechunk
    chunks, x.shape, limit=block_size_limit, dtype=x.dtype, previous_chunks=x.chunks
  File "/home/sypmauu/.conda/envs/py3_parcels/lib/python3.7/site-packages/dask/array/core.py", line 2487, in normalize_chunks
    (),
  File "/home/sypmauu/.conda/envs/py3_parcels/lib/python3.7/site-packages/dask/array/core.py", line 2485, in <genexpr>
    for s, c in zip(shape, chunks)
  File "/home/sypmauu/.conda/envs/py3_parcels/lib/python3.7/site-packages/dask/array/core.py", line 982, in blockdims_from_blockshape
    for d, bd in zip(shape, chunks)
  File "/home/sypmauu/.conda/envs/py3_parcels/lib/python3.7/site-packages/dask/array/core.py", line 982, in <genexpr>
    for d, bd in zip(shape, chunks)
ZeroDivisionError: integer division or modulo by zero
Finished computation.
